<?xml version="1.0" encoding="UTF-8" ?>
<testsuite tests="1" failures="0" name="com.runner.TestRunner" time="156.498" errors="1" skipped="0">
  <properties>
    <property name="java.runtime.name" value="Java(TM) SE Runtime Environment"/>
    <property name="sun.boot.library.path" value="C:\Program Files\Java\jdk1.8.0_251\jre\bin"/>
    <property name="java.vm.version" value="25.251-b08"/>
    <property name="java.vm.vendor" value="Oracle Corporation"/>
    <property name="maven.multiModuleProjectDirectory" value="C:\Users\acer\eclipse-workspace\SampleCucumberEvening"/>
    <property name="java.vendor.url" value="http://java.oracle.com/"/>
    <property name="path.separator" value=";"/>
    <property name="guice.disable.misplaced.annotation.check" value="true"/>
    <property name="java.vm.name" value="Java HotSpot(TM) 64-Bit Server VM"/>
    <property name="file.encoding.pkg" value="sun.io"/>
    <property name="user.script" value=""/>
    <property name="user.country" value="US"/>
    <property name="sun.java.launcher" value="SUN_STANDARD"/>
    <property name="sun.os.patch.level" value=""/>
    <property name="java.vm.specification.name" value="Java Virtual Machine Specification"/>
    <property name="user.dir" value="C:\Users\acer\eclipse-workspace\SampleCucumberEvening"/>
    <property name="java.runtime.version" value="1.8.0_251-b08"/>
    <property name="java.awt.graphicsenv" value="sun.awt.Win32GraphicsEnvironment"/>
    <property name="java.endorsed.dirs" value="C:\Program Files\Java\jdk1.8.0_251\jre\lib\endorsed"/>
    <property name="os.arch" value="amd64"/>
    <property name="java.io.tmpdir" value="C:\Users\acer\AppData\Local\Temp\"/>
    <property name="line.separator" value="
"/>
    <property name="java.vm.specification.vendor" value="Oracle Corporation"/>
    <property name="user.variant" value=""/>
    <property name="os.name" value="Windows 10"/>
    <property name="classworlds.conf" value="D:\Raseem\apache-maven-3.6.3\bin\..\bin\m2.conf"/>
    <property name="sun.jnu.encoding" value="Cp1252"/>
    <property name="java.library.path" value="C:\Program Files\Java\jdk1.8.0_251\bin;C:\Windows\Sun\Java\bin;C:\Windows\system32;C:\Windows;C:\Program Files (x86)\Common Files\Oracle\Java\javapath;C:\Windows\system32;C:\Windows;C:\Windows\System32\Wbem;C:\Windows\System32\WindowsPowerShell\v1.0\;C:\Program Files (x86)\ATI Technologies\ATI.ACE\Core-Static;C:\Users\acer\AppData\Local\Android\Sdk\platform-tools;C:\Program Files\nodejs\;C:\Program Files\Java\jdk1.8.0_251\bin;D:\Raseem\apache-maven-3.6.3\bin;C:\Users\acer\AppData\Local\Programs\Python\Python38-32\Scripts\;C:\Users\acer\AppData\Local\Programs\Python\Python38-32\;C:\Program Files\JetBrains\PyCharm Community Edition 2020.1\bin;C:\Users\acer\AppData\Roaming\npm;."/>
    <property name="maven.conf" value="D:\Raseem\apache-maven-3.6.3\bin\../conf"/>
    <property name="java.specification.name" value="Java Platform API Specification"/>
    <property name="java.class.version" value="52.0"/>
    <property name="sun.management.compiler" value="HotSpot 64-Bit Tiered Compilers"/>
    <property name="os.version" value="10.0"/>
    <property name="library.jansi.path" value="D:\Raseem\apache-maven-3.6.3\bin\..\lib\jansi-native"/>
    <property name="user.home" value="C:\Users\acer"/>
    <property name="user.timezone" value="Asia/Calcutta"/>
    <property name="java.awt.printerjob" value="sun.awt.windows.WPrinterJob"/>
    <property name="java.specification.version" value="1.8"/>
    <property name="file.encoding" value="Cp1252"/>
    <property name="user.name" value="acer"/>
    <property name="java.class.path" value="D:\Raseem\apache-maven-3.6.3\bin\..\boot\plexus-classworlds-2.6.0.jar"/>
    <property name="java.vm.specification.version" value="1.8"/>
    <property name="sun.arch.data.model" value="64"/>
    <property name="java.home" value="C:\Program Files\Java\jdk1.8.0_251\jre"/>
    <property name="sun.java.command" value="org.codehaus.plexus.classworlds.launcher.Launcher test"/>
    <property name="java.specification.vendor" value="Oracle Corporation"/>
    <property name="user.language" value="en"/>
    <property name="awt.toolkit" value="sun.awt.windows.WToolkit"/>
    <property name="java.vm.info" value="mixed mode"/>
    <property name="java.version" value="1.8.0_251"/>
    <property name="java.ext.dirs" value="C:\Program Files\Java\jdk1.8.0_251\jre\lib\ext;C:\Windows\Sun\Java\lib\ext"/>
    <property name="sun.boot.class.path" value="C:\Program Files\Java\jdk1.8.0_251\jre\lib\resources.jar;C:\Program Files\Java\jdk1.8.0_251\jre\lib\rt.jar;C:\Program Files\Java\jdk1.8.0_251\jre\lib\sunrsasign.jar;C:\Program Files\Java\jdk1.8.0_251\jre\lib\jsse.jar;C:\Program Files\Java\jdk1.8.0_251\jre\lib\jce.jar;C:\Program Files\Java\jdk1.8.0_251\jre\lib\charsets.jar;C:\Program Files\Java\jdk1.8.0_251\jre\lib\jfr.jar;C:\Program Files\Java\jdk1.8.0_251\jre\classes"/>
    <property name="sun.stderr.encoding" value="cp437"/>
    <property name="java.vendor" value="Oracle Corporation"/>
    <property name="maven.home" value="D:\Raseem\apache-maven-3.6.3\bin\.."/>
    <property name="file.separator" value="\"/>
    <property name="java.vendor.url.bug" value="http://bugreport.sun.com/bugreport/"/>
    <property name="sun.cpu.endian" value="little"/>
    <property name="sun.io.unicode.encoding" value="UnicodeLittle"/>
    <property name="sun.stdout.encoding" value="cp437"/>
    <property name="sun.desktop" value="windows"/>
    <property name="sun.cpu.isalist" value="amd64"/>
  </properties>
  <testcase classname="Facebook Login Feature" name="User Validate Login Feature by valid Creditial" time="156.498">
    <error message="session not created
from disconnected: received Inspector.detached event
  (Session info: chrome=81.0.4044.129)
Build info: version: &apos;3.141.59&apos;, revision: &apos;e82be7d358&apos;, time: &apos;2018-11-14T08:17:03&apos;
System info: host: &apos;DESKTOP-1279V04&apos;, ip: &apos;192.168.1.37&apos;, os.name: &apos;Windows 10&apos;, os.arch: &apos;amd64&apos;, os.version: &apos;10.0&apos;, java.version: &apos;1.8.0_251&apos;
Driver info: driver.version: ChromeDriver
remote stacktrace: Backtrace:
	Ordinal0 [0x00545F73+2449267]
	Ordinal0 [0x00478361+1606497]
	Ordinal0 [0x0036F969+522601]
	Ordinal0 [0x00368179+491897]
	Ordinal0 [0x00367D8C+490892]
	Ordinal0 [0x00367686+489094]
	Ordinal0 [0x00366C8C+486540]
	Ordinal0 [0x00366EC5+487109]
	Ordinal0 [0x00366905+485637]
	Ordinal0 [0x0036E6C5+517829]
	Ordinal0 [0x003668C2+485570]
	Ordinal0 [0x00367329+488233]
	Ordinal0 [0x00366C8C+486540]
	Ordinal0 [0x00366EC5+487109]
	Ordinal0 [0x00366905+485637]
	Ordinal0 [0x0036CEAE+511662]
	Ordinal0 [0x003668C2+485570]
	Ordinal0 [0x00367329+488233]
	Ordinal0 [0x00366C8C+486540]
	Ordinal0 [0x00366EC5+487109]
	Ordinal0 [0x00366905+485637]
	Ordinal0 [0x0036B71C+505628]
	Ordinal0 [0x003668C2+485570]
	Ordinal0 [0x00367329+488233]
	Ordinal0 [0x00366C8C+486540]
	Ordinal0 [0x00366EC5+487109]
	Ordinal0 [0x00366905+485637]
	Ordinal0 [0x0036ADB7+503223]
	Ordinal0 [0x003668C2+485570]
	Ordinal0 [0x00367329+488233]
	Ordinal0 [0x00366C8C+486540]
	Ordinal0 [0x00366EC5+487109]
	Ordinal0 [0x00366905+485637]
	Ordinal0 [0x003631AC+471468]
	Ordinal0 [0x003668C2+485570]
	Ordinal0 [0x00366817+485399]
	Ordinal0 [0x00370600+525824]
	Ordinal0 [0x0031CBB9+183225]
	Ordinal0 [0x0031BF2D+180013]
	Ordinal0 [0x00319E5B+171611]
	Ordinal0 [0x00301DD8+73176]
	Ordinal0 [0x00302E50+77392]
	Ordinal0 [0x00302DE9+77289]
	Ordinal0 [0x0048D8D7+1693911]
	GetHandleVerifier [0x005E4036+522726]
	GetHandleVerifier [0x005E3D74+522020]
	GetHandleVerifier [0x005F9187+609079]
	GetHandleVerifier [0x005E48A6+524886]
	Ordinal0 [0x00485CBC+1662140]
	Ordinal0 [0x0048F23B+1700411]
	Ordinal0 [0x0048F3A3+1700771]
	Ordinal0 [0x004A5215+1790485]
	BaseThreadInitThunk [0x772138F4+36]
	RtlUnicodeStringToInteger [0x774D5E13+595]
	RtlUnicodeStringToInteger [0x774D5DDE+542]
" type="org.openqa.selenium.SessionNotCreatedException">org.openqa.selenium.SessionNotCreatedException: session not created
from disconnected: received Inspector.detached event
  (Session info: chrome=81.0.4044.129)
Build info: version: &apos;3.141.59&apos;, revision: &apos;e82be7d358&apos;, time: &apos;2018-11-14T08:17:03&apos;
System info: host: &apos;DESKTOP-1279V04&apos;, ip: &apos;192.168.1.37&apos;, os.name: &apos;Windows 10&apos;, os.arch: &apos;amd64&apos;, os.version: &apos;10.0&apos;, java.version: &apos;1.8.0_251&apos;
Driver info: driver.version: ChromeDriver
remote stacktrace: Backtrace:
	Ordinal0 [0x00545F73+2449267]
	Ordinal0 [0x00478361+1606497]
	Ordinal0 [0x0036F969+522601]
	Ordinal0 [0x00368179+491897]
	Ordinal0 [0x00367D8C+490892]
	Ordinal0 [0x00367686+489094]
	Ordinal0 [0x00366C8C+486540]
	Ordinal0 [0x00366EC5+487109]
	Ordinal0 [0x00366905+485637]
	Ordinal0 [0x0036E6C5+517829]
	Ordinal0 [0x003668C2+485570]
	Ordinal0 [0x00367329+488233]
	Ordinal0 [0x00366C8C+486540]
	Ordinal0 [0x00366EC5+487109]
	Ordinal0 [0x00366905+485637]
	Ordinal0 [0x0036CEAE+511662]
	Ordinal0 [0x003668C2+485570]
	Ordinal0 [0x00367329+488233]
	Ordinal0 [0x00366C8C+486540]
	Ordinal0 [0x00366EC5+487109]
	Ordinal0 [0x00366905+485637]
	Ordinal0 [0x0036B71C+505628]
	Ordinal0 [0x003668C2+485570]
	Ordinal0 [0x00367329+488233]
	Ordinal0 [0x00366C8C+486540]
	Ordinal0 [0x00366EC5+487109]
	Ordinal0 [0x00366905+485637]
	Ordinal0 [0x0036ADB7+503223]
	Ordinal0 [0x003668C2+485570]
	Ordinal0 [0x00367329+488233]
	Ordinal0 [0x00366C8C+486540]
	Ordinal0 [0x00366EC5+487109]
	Ordinal0 [0x00366905+485637]
	Ordinal0 [0x003631AC+471468]
	Ordinal0 [0x003668C2+485570]
	Ordinal0 [0x00366817+485399]
	Ordinal0 [0x00370600+525824]
	Ordinal0 [0x0031CBB9+183225]
	Ordinal0 [0x0031BF2D+180013]
	Ordinal0 [0x00319E5B+171611]
	Ordinal0 [0x00301DD8+73176]
	Ordinal0 [0x00302E50+77392]
	Ordinal0 [0x00302DE9+77289]
	Ordinal0 [0x0048D8D7+1693911]
	GetHandleVerifier [0x005E4036+522726]
	GetHandleVerifier [0x005E3D74+522020]
	GetHandleVerifier [0x005F9187+609079]
	GetHandleVerifier [0x005E48A6+524886]
	Ordinal0 [0x00485CBC+1662140]
	Ordinal0 [0x0048F23B+1700411]
	Ordinal0 [0x0048F3A3+1700771]
	Ordinal0 [0x004A5215+1790485]
	BaseThreadInitThunk [0x772138F4+36]
	RtlUnicodeStringToInteger [0x774D5E13+595]
	RtlUnicodeStringToInteger [0x774D5DDE+542]

	at sun.reflect.NativeConstructorAccessorImpl.newInstance0(Native Method)
	at sun.reflect.NativeConstructorAccessorImpl.newInstance(NativeConstructorAccessorImpl.java:62)
	at sun.reflect.DelegatingConstructorAccessorImpl.newInstance(DelegatingConstructorAccessorImpl.java:45)
	at java.lang.reflect.Constructor.newInstance(Constructor.java:423)
	at org.openqa.selenium.remote.W3CHandshakeResponse.lambda$errorHandler$0(W3CHandshakeResponse.java:62)
	at org.openqa.selenium.remote.HandshakeResponse.lambda$getResponseFunction$0(HandshakeResponse.java:30)
	at org.openqa.selenium.remote.ProtocolHandshake.lambda$createSession$0(ProtocolHandshake.java:126)
	at java.util.stream.ReferencePipeline$3$1.accept(ReferencePipeline.java:193)
	at java.util.Spliterators$ArraySpliterator.tryAdvance(Spliterators.java:958)
	at java.util.stream.ReferencePipeline.forEachWithCancel(ReferencePipeline.java:126)
	at java.util.stream.AbstractPipeline.copyIntoWithCancel(AbstractPipeline.java:499)
	at java.util.stream.AbstractPipeline.copyInto(AbstractPipeline.java:486)
	at java.util.stream.AbstractPipeline.wrapAndCopyInto(AbstractPipeline.java:472)
	at java.util.stream.FindOps$FindOp.evaluateSequential(FindOps.java:152)
	at java.util.stream.AbstractPipeline.evaluate(AbstractPipeline.java:234)
	at java.util.stream.ReferencePipeline.findFirst(ReferencePipeline.java:464)
	at org.openqa.selenium.remote.ProtocolHandshake.createSession(ProtocolHandshake.java:128)
	at org.openqa.selenium.remote.ProtocolHandshake.createSession(ProtocolHandshake.java:74)
	at org.openqa.selenium.remote.HttpCommandExecutor.execute(HttpCommandExecutor.java:136)
	at org.openqa.selenium.remote.service.DriverCommandExecutor.execute(DriverCommandExecutor.java:83)
	at org.openqa.selenium.remote.RemoteWebDriver.execute(RemoteWebDriver.java:552)
	at org.openqa.selenium.remote.RemoteWebDriver.startSession(RemoteWebDriver.java:213)
	at org.openqa.selenium.remote.RemoteWebDriver.&lt;init&gt;(RemoteWebDriver.java:131)
	at org.openqa.selenium.chrome.ChromeDriver.&lt;init&gt;(ChromeDriver.java:181)
	at org.openqa.selenium.chrome.ChromeDriver.&lt;init&gt;(ChromeDriver.java:168)
	at org.openqa.selenium.chrome.ChromeDriver.&lt;init&gt;(ChromeDriver.java:123)
	at com.base.GlobalClass.launchBrowser(GlobalClass.java:20)
	at com.steps.StepDefinition.user_laucnh_chrome_browser(StepDefinition.java:18)
	at âœ½.user laucnh chrome browser(file:src/test/resources/FeaturesFolder/FbLogin.feature:4)
</error>
    <system-err>Starting ChromeDriver 81.0.4044.69 (6813546031a4bc83f717a2ef7cd4ac6ec1199132-refs/branch-heads/4044@{#776}) on port 45030
Only local connections are allowed.
Please protect ports used by ChromeDriver and related test frameworks to prevent access by malicious code.
</system-err>
  </testcase>
</testsuite>